生成启动时间为 2016/3/1 21:28:25。
     1>项目“E:\C源文件\arithmetic\arithmetic\arithmetic.vcxproj”在节点 2 上(build 个目标)。
     1>InitializeBuildStatus:
         正在对“Debug\arithmetic.unsuccessfulbuild”执行 Touch 任务。
       ClCompile:
         d:\程序员\VS2010\VC\bin\CL.exe /c /ZI /nologo /W3 /WX- /Od /Oy- /D WIN32 /D _DEBUG /D _CONSOLE /D _MBCS /Gm /EHsc /RTC1 /MDd /GS /fp:precise /Zc:wchar_t /Zc:forScope /Fo"Debug\\" /Fd"Debug\vc100.pdb" /Gd /TP /analyze- /errorReport:prompt arithmetic.cpp
         arithmetic.cpp
     1>e:\c源文件\arithmetic\arithmetic\arithmetic.cpp(415): warning C4996: 'sprintf': This function or variable may be unsafe. Consider using sprintf_s instead. To disable deprecation, use _CRT_SECURE_NO_WARNINGS. See online help for details.
                 d:\程序员\vs2010\vc\include\stdio.h(371) : 参见“sprintf”的声明
     1>e:\c源文件\arithmetic\arithmetic\arithmetic.cpp(522): warning C4018: “<”: 有符号/无符号不匹配
     1>e:\c源文件\arithmetic\arithmetic\arithmetic.cpp(691): warning C4018: “<”: 有符号/无符号不匹配
     1>e:\c源文件\arithmetic\arithmetic\arithmetic.cpp(698): warning C4018: “<”: 有符号/无符号不匹配
     1>e:\c源文件\arithmetic\arithmetic\arithmetic.cpp(55): warning C4715: “Calculate::getPri”: 不是所有的控件路径都返回值
       ManifestResourceCompile:
         C:\Program Files (x86)\Microsoft SDKs\Windows\v7.0A\bin\rc.exe /nologo /fo"Debug\arithmetic.exe.embed.manifest.res" Debug\arithmetic_manifest.rc 
       Link:
         d:\程序员\VS2010\VC\bin\link.exe /ERRORREPORT:PROMPT /OUT:"E:\C源文件\arithmetic\Debug\arithmetic.exe" /INCREMENTAL /NOLOGO kernel32.lib user32.lib gdi32.lib winspool.lib comdlg32.lib advapi32.lib shell32.lib ole32.lib oleaut32.lib uuid.lib odbc32.lib odbccp32.lib /MANIFEST /ManifestFile:"Debug\arithmetic.exe.intermediate.manifest" /MANIFESTUAC:"level='asInvoker' uiAccess='false'" /DEBUG /PDB:"E:\C源文件\arithmetic\Debug\arithmetic.pdb" /SUBSYSTEM:CONSOLE /TLBID:1 /DYNAMICBASE /NXCOMPAT /IMPLIB:"E:\C源文件\arithmetic\Debug\arithmetic.lib" /MACHINE:X86 Debug\arithmetic.exe.embed.manifest.res
         Debug\arithmetic.obj
       Manifest:
         C:\Program Files (x86)\Microsoft SDKs\Windows\v7.0A\bin\mt.exe /nologo /verbose /out:"Debug\arithmetic.exe.embed.manifest" /manifest Debug\arithmetic.exe.intermediate.manifest
         C:\Program Files (x86)\Microsoft SDKs\Windows\v7.0A\bin\rc.exe /nologo /fo"Debug\arithmetic.exe.embed.manifest.res" Debug\arithmetic_manifest.rc 
       LinkEmbedManifest:
         d:\程序员\VS2010\VC\bin\link.exe /ERRORREPORT:PROMPT /OUT:"E:\C源文件\arithmetic\Debug\arithmetic.exe" /INCREMENTAL /NOLOGO kernel32.lib user32.lib gdi32.lib winspool.lib comdlg32.lib advapi32.lib shell32.lib ole32.lib oleaut32.lib uuid.lib odbc32.lib odbccp32.lib /MANIFEST /ManifestFile:"Debug\arithmetic.exe.intermediate.manifest" /MANIFESTUAC:"level='asInvoker' uiAccess='false'" /DEBUG /PDB:"E:\C源文件\arithmetic\Debug\arithmetic.pdb" /SUBSYSTEM:CONSOLE /TLBID:1 /DYNAMICBASE /NXCOMPAT /IMPLIB:"E:\C源文件\arithmetic\Debug\arithmetic.lib" /MACHINE:X86 Debug\arithmetic.exe.embed.manifest.res
         Debug\arithmetic.obj
         arithmetic.vcxproj -> E:\C源文件\arithmetic\Debug\arithmetic.exe
       FinalizeBuildStatus:
         正在删除文件“Debug\arithmetic.unsuccessfulbuild”。
         正在对“Debug\arithmetic.lastbuildstate”执行 Touch 任务。
     1>已完成生成项目“E:\C源文件\arithmetic\arithmetic\arithmetic.vcxproj”(build 个目标)的操作。

生成成功。

已用时间 00:00:04.30
