生成启动时间为 2016/3/3 18:53:54。
     1>项目“E:\C源文件\arithmetic\arithmetic\arithmetic.vcxproj”在节点 2 上(build 个目标)。
     1>InitializeBuildStatus:
         正在创建“Release\arithmetic.unsuccessfulbuild”，因为已指定“AlwaysCreate”。
       ClCompile:
         d:\程序员\VS2010\VC\bin\CL.exe /c /Zi /nologo /W3 /WX- /O2 /Oi /Oy- /GL /D WIN32 /D NDEBUG /D _CONSOLE /D _MBCS /Gm- /EHsc /MD /GS /Gy /fp:precise /Zc:wchar_t /Zc:forScope /Fo"Release\\" /Fd"Release\vc100.pdb" /Gd /TP /analyze- /errorReport:prompt arithmetic.cpp
         arithmetic.cpp
     1>arithmetic.cpp(487): warning C4996: 'sprintf': This function or variable may be unsafe. Consider using sprintf_s instead. To disable deprecation, use _CRT_SECURE_NO_WARNINGS. See online help for details.
                 d:\程序员\VS2010\VC\include\stdio.h(371) : 参见“sprintf”的声明
     1>arithmetic.cpp(636): warning C4018: “<”: 有符号/无符号不匹配
     1>arithmetic.cpp(805): warning C4018: “<”: 有符号/无符号不匹配
     1>arithmetic.cpp(812): warning C4018: “<”: 有符号/无符号不匹配
       Link:
         d:\程序员\VS2010\VC\bin\link.exe /ERRORREPORT:PROMPT /OUT:"E:\C源文件\arithmetic\Release\arithmetic.exe" /INCREMENTAL:NO /NOLOGO kernel32.lib user32.lib gdi32.lib winspool.lib comdlg32.lib advapi32.lib shell32.lib ole32.lib oleaut32.lib uuid.lib odbc32.lib odbccp32.lib /MANIFEST /ManifestFile:"Release\arithmetic.exe.intermediate.manifest" /MANIFESTUAC:"level='asInvoker' uiAccess='false'" /DEBUG /PDB:"E:\C源文件\arithmetic\Release\arithmetic.pdb" /SUBSYSTEM:CONSOLE /OPT:REF /OPT:ICF /LTCG /TLBID:1 /DYNAMICBASE /NXCOMPAT /IMPLIB:"E:\C源文件\arithmetic\Release\arithmetic.lib" /MACHINE:X86 Release\arithmetic.obj
         正在生成代码
     1>e:\c源文件\arithmetic\arithmetic\arithmetic.cpp(55): warning C4715: “Calculate::getPri”: 不是所有的控件路径都返回值
         已完成代码的生成
         arithmetic.vcxproj -> E:\C源文件\arithmetic\Release\arithmetic.exe
       Manifest:
         C:\Program Files (x86)\Microsoft SDKs\Windows\v7.0A\bin\mt.exe /nologo /verbose /outputresource:"E:\C源文件\arithmetic\Release\arithmetic.exe;#1" /manifest Release\arithmetic.exe.intermediate.manifest
       FinalizeBuildStatus:
         正在删除文件“Release\arithmetic.unsuccessfulbuild”。
         正在对“Release\arithmetic.lastbuildstate”执行 Touch 任务。
     1>已完成生成项目“E:\C源文件\arithmetic\arithmetic\arithmetic.vcxproj”(build 个目标)的操作。

生成成功。

已用时间 00:00:02.93
